28.326
    index symbol  mod_name         Date  ...  ContractValue_K     Vol      OI_K  id
0      16     ty    T-Bond     20210310  ...           3754.0  0.0515  3620.171   1
1       0     es     微型S&P  2.02103e+07  ...            552.0  0.3137  2577.850   2
2      17     us    T-Note     20210310  ...           4480.0  0.1227  1205.532   3
3       9     zc       小玉米  2.02103e+07  ...            151.0  0.2291   732.053   4
4       6     ec      微型歐元     20210310  ...            422.0  0.0760   573.188   5
5      10     zs       小黃豆  2.02103e+07  ...            399.0  0.1816   352.602   6
6      12     gc      微型黃金  2.02103e+07  ...            488.0  0.2180   266.619   7
7      15     cl       輕原油  2.02103e+07  ...           1825.0  1.0736   245.616   8
8       1     nq  微型NASDAQ  2.02103e+07  ...            722.0  0.3425   242.097   9
9      11     zw        小麥  2.02103e+07  ...            924.0  0.2688   178.215  10
10      7     jy      微型日圓     20210310  ...            327.0  0.0806   155.547  11
11     14     hg         銅  2.02103e+07  ...           2856.0  0.2497   148.175  12
12      5     cd        加幣     20210310  ...           2244.0  0.0832   128.597  13
13      4     bp      微型英鎊     20210310  ...            247.0  0.1112   126.280  14
14     13     si      微型白銀  2.02103e+07  ...            740.0  0.4937   125.217  15
15      3     ad      微型澳幣     20210310  ...            219.0  0.1281   114.434  16
16      2     ym      小型道瓊  2.02103e+07  ...            457.0  0.3435    84.223  17
17      8     sf      瑞士法郎     20210310  ...           3809.0  0.0751    47.098  18

[18 rows x 9 columns]
28.241
    index symbol  mod_name         Date  ...  ContractValue_K     Vol      OI_K  id
0      16     ty    T-Bond     20210311  ...           3745.0  0.0503  3645.480   1
1       0     es     微型S&P  2.02103e+07  ...            556.0  0.3112  2527.467   2
2      17     us    T-Note     20210311  ...           4459.0  0.1182  1202.554   3
3       9     zc       小玉米  2.02103e+07  ...            152.0  0.2289   722.846   4
4       6     ec      微型歐元     20210311  ...            423.0  0.0747   360.265   5
5      10     zs       小黃豆  2.02103e+07  ...            399.0  0.1815   347.640   6
6      12     gc      微型黃金  2.02103e+07  ...            486.0  0.2178   248.013   7
7       1     nq  微型NASDAQ  2.02103e+07  ...            737.0  0.3402   229.079   8
8      15     cl       輕原油  2.02103e+07  ...           1864.0  1.0695   215.531   9
9      11     zw        小麥  2.02103e+07  ...            907.0  0.2692   179.171  10
10     14     hg         銅  2.02103e+07  ...           2922.0  0.2509   146.318  11
11     13     si      微型白銀  2.02103e+07  ...            740.0  0.4937   125.890  12
12      7     jy      微型日圓     20210311  ...            325.0  0.0754   113.392  13
13      2     ym      小型道瓊  2.02103e+07  ...            459.0  0.3414    88.465  14
14      5     cd        加幣     20210311  ...           2252.0  0.0830    87.021  15
15      4     bp      微型英鎊     20210311  ...            247.0  0.1102    71.944  16
16      3     ad      微型澳幣     20210311  ...            220.0  0.1270    53.109  17
17      8     sf      瑞士法郎     20210311  ...           3819.0  0.0737    37.624  18

[18 rows x 9 columns]
28.186999999999998
    index symbol  mod_name         Date  ...  ContractValue_K     Vol      OI_K  id
0      16     ty    T-Bond     20210312  ...           3715.0  0.0489  3611.319   1
1       0     es     微型S&P  2.02103e+07  ...            556.0  0.3077  2264.419   2
2      17     us    T-Note     20210312  ...           4385.0  0.1146  1209.238   3
3       9     zc       小玉米  2.02103e+07  ...            152.0  0.2289   711.911   4
4       6     ec      微型歐元     20210312  ...            422.0  0.0747   568.044   5
5      10     zs       小黃豆  2.02103e+07  ...            398.0  0.1813   342.592   6
6      12     gc      微型黃金  2.02103e+07  ...            485.0  0.2176   227.181   7
7       1     nq  微型NASDAQ  2.02103e+07  ...            729.0  0.3378   202.474   8
8      15     cl       輕原油  2.02103e+07  ...           1849.0  1.0687   198.494   9
9      11     zw        小麥  2.02103e+07  ...            900.0  0.2693   179.209  10
10     14     hg         銅  2.02103e+07  ...           2917.0  0.2507   148.976  11
11      4     bp      微型英鎊     20210312  ...            245.0  0.1102   137.590  12
12      7     jy      微型日圓     20210312  ...            323.0  0.0753   135.892  13
13      5     cd        加幣     20210312  ...           2261.0  0.0832   133.658  14
14     13     si      微型白銀  2.02103e+07  ...            730.0  0.4937   125.447  15
15      3     ad      微型澳幣     20210312  ...            219.0  0.1271   119.761  16
16      2     ym      小型道瓊  2.02103e+07  ...            462.0  0.3372    83.661  17
17      8     sf      瑞士法郎     20210312  ...           3800.0  0.0737    32.735  18

[18 rows x 9 columns]
28.186999999999998
    index symbol  mod_name         Date  ...  ContractValue_K     Vol      OI_K  id
0      16     ty    T-Bond     20210312  ...           3715.0  0.0489  3611.319   1
1       0     es     微型S&P  2.02103e+07  ...            556.0  0.3077  2264.419   2
2      17     us    T-Note     20210312  ...           4385.0  0.1146  1209.238   3
3       9     zc       小玉米  2.02103e+07  ...            152.0  0.2289   711.911   4
4       6     ec      微型歐元     20210312  ...            422.0  0.0747   568.044   5
5      10     zs       小黃豆  2.02103e+07  ...            398.0  0.1813   342.592   6
6      12     gc      微型黃金  2.02103e+07  ...            485.0  0.2176   227.181   7
7       1     nq  微型NASDAQ  2.02103e+07  ...            729.0  0.3378   202.474   8
8      15     cl       輕原油  2.02103e+07  ...           1849.0  1.0687   198.494   9
9      11     zw        小麥  2.02103e+07  ...            900.0  0.2693   179.209  10
10     14     hg         銅  2.02103e+07  ...           2917.0  0.2507   148.976  11
11      4     bp      微型英鎊     20210312  ...            245.0  0.1102   137.590  12
12      7     jy      微型日圓     20210312  ...            323.0  0.0753   135.892  13
13      5     cd        加幣     20210312  ...           2261.0  0.0832   133.658  14
14     13     si      微型白銀  2.02103e+07  ...            730.0  0.4937   125.447  15
15      3     ad      微型澳幣     20210312  ...            219.0  0.1271   119.761  16
16      2     ym      小型道瓊  2.02103e+07  ...            462.0  0.3372    83.661  17
17      8     sf      瑞士法郎     20210312  ...           3800.0  0.0737    32.735  18

[18 rows x 9 columns]
28.243000000000002
    index symbol  mod_name         Date  ...  ContractValue_K     Vol      OI_K  id
0      16     ty    T-Bond     20210315  ...           3727.0  0.0489  3702.555   1
1       0     es     微型S&P  2.02103e+07  ...            560.0  0.2889  1816.144   2
2      17     us    T-Note     20210315  ...           4409.0  0.1145  1210.456   3
3       9     zc       小玉米  2.02103e+07  ...            155.0  0.2275   706.090   4
4       6     ec      微型歐元     20210315  ...            422.0  0.0741   617.982   5
5      10     zs       小黃豆  2.02103e+07  ...            401.0  0.1782   337.704   6
6      12     gc      微型黃金  2.02103e+07  ...            488.0  0.2152   216.266   7
7      11     zw        小麥  2.02103e+07  ...            911.0  0.2678   177.857   8
8       1     nq  微型NASDAQ  2.02103e+07  ...            739.0  0.3208   172.153   9
9      15     cl       輕原油  2.02103e+07  ...           1847.0  1.0676   168.790  10
10      5     cd        加幣     20210315  ...           2264.0  0.0830   155.966  11
11     14     hg         銅  2.02103e+07  ...           2924.0  0.2503   146.713  12
12      4     bp      微型英鎊     20210315  ...            245.0  0.1082   142.210  13
13      7     jy      微型日圓     20210315  ...            324.0  0.0751   139.205  14
14      3     ad      微型澳幣     20210315  ...            219.0  0.1240   130.951  15
15     13     si      微型白銀  2.02103e+07  ...            742.0  0.4914   124.254  16
16      2     ym      小型道瓊  2.02103e+07  ...            465.0  0.3176    64.149  17
17      8     sf      瑞士法郎     20210315  ...           3813.0  0.0733    36.168  18

[18 rows x 9 columns]
28.263
    index symbol  mod_name         Date  ...  ContractValue_K     Vol      OI_K  id
0      16     ty    T-Bond     20210316  ...           3729.0  0.0489  3741.320   1
1       0     es     微型S&P  2.02103e+07  ...            559.0  0.2757  1872.176   2
2      17     us    T-Note     20210316  ...           4405.0  0.1143  1199.821   3
3       9     zc       小玉米  2.02103e+07  ...            157.0  0.2276   705.501   4
4       6     ec      微型歐元     20210316  ...            421.0  0.0740   628.503   5
5      15     cl       輕原油  2.02103e+07  ...           1833.0  1.0676   403.761   6
6      10     zs       小黃豆  2.02103e+07  ...            402.0  0.1776   332.208   7
7      12     gc      微型黃金  2.02103e+07  ...            489.0  0.2098   210.101   8
8      11     zw        小麥  2.02103e+07  ...            914.0  0.2678   176.705   9
9       5     cd        加幣     20210316  ...           2272.0  0.0828   157.843  10
10     14     hg         銅  2.02103e+07  ...           2877.0  0.2509   146.042  11
11      4     bp      微型英鎊     20210316  ...            246.0  0.1062   145.384  12
12      7     jy      微型日圓     20210316  ...            324.0  0.0719   140.862  13
13      1     nq  微型NASDAQ  2.02103e+07  ...            743.0  0.3078   134.406  14
14      3     ad      微型澳幣     20210316  ...            219.0  0.1204   131.164  15
15     13     si      微型白銀  2.02103e+07  ...            735.0  0.4811   125.156  16
16      2     ym      小型道瓊  2.02103e+07  ...            462.0  0.3061    56.055  17
17      8     sf      瑞士法郎     20210316  ...           3828.0  0.0732    36.723  18

[18 rows x 9 columns]
28.302
    index symbol  mod_name         Date  ...  ContractValue_K     Vol      OI_K  id
0      16     ty    T-Bond     20210317  ...           3739.0  0.0484  3768.070   1
1       0     es     微型S&P  2.02103e+07  ...            561.0  0.2522  2334.286   2
2      17     us    T-Note     20210317  ...           4391.0  0.1136  1202.521   3
3       9     zc       小玉米  2.02103e+07  ...            158.0  0.2254   699.655   4
4       6     ec      微型歐元     20210317  ...            425.0  0.0737   630.128   5
5      15     cl       輕原油  2.02103e+07  ...           1829.0  1.0626   424.688   6
6      10     zs       小黃豆  2.02103e+07  ...            401.0  0.1743   325.805   7
7      12     gc      微型黃金  2.02103e+07  ...            489.0  0.2088   209.474   8
8      11     zw        小麥  2.02103e+07  ...            906.0  0.2676   177.165   9
9       1     nq  微型NASDAQ  2.02103e+07  ...            747.0  0.2846   167.591  10
10      5     cd        加幣     20210317  ...           2280.0  0.0827   159.627  11
11      4     bp      微型英鎊     20210317  ...            247.0  0.1061   145.958  12
12     14     hg         銅  2.02103e+07  ...           2914.0  0.2491   145.151  13
13      7     jy      微型日圓     20210317  ...            325.0  0.0693   144.722  14
14      3     ad      微型澳幣     20210317  ...            221.0  0.1205   128.237  15
15     13     si      微型白銀  2.02103e+07  ...            737.0  0.4642   127.026  16
16      2     ym      小型道瓊  2.02103e+07  ...            466.0  0.2748    76.428  17
17      8     sf      瑞士法郎     20210317  ...           3846.0  0.0726    37.847  18

[18 rows x 9 columns]
28.305999999999997
    index symbol  mod_name         Date  ...  ContractValue_K     Vol      OI_K  id
0      16     ty    T-Bond     20210318  ...           3716.0  0.0472  3776.648   1
1       0     es     微型S&P  2.02103e+07  ...            553.0  0.2508  2499.994   2
2      17     us    T-Note     20210318  ...           4359.0  0.1110  1198.675   3
3       9     zc       小玉米  2.02103e+07  ...            155.0  0.2242   690.358   4
4       6     ec      微型歐元     20210318  ...            422.0  0.0721   633.905   5
5      15     cl       輕原油  2.02103e+07  ...           1700.0  1.0633   426.213   6
6      10     zs       小黃豆  2.02103e+07  ...            394.0  0.1755   320.119   7
7      12     gc      微型黃金  2.02103e+07  ...            490.0  0.2072   209.166   8
8       1     nq  微型NASDAQ  2.02103e+07  ...            723.0  0.2829   196.871   9
9      11     zw        小麥  2.02103e+07  ...            892.0  0.2680   176.315  10
10      5     cd        加幣     20210318  ...           2263.0  0.0813   161.631  11
11      7     jy      微型日圓     20210318  ...            325.0  0.0671   151.619  12
12     14     hg         銅  2.02103e+07  ...           2907.0  0.2466   146.414  13
13      4     bp      微型英鎊     20210318  ...            246.0  0.1054   145.804  14
14     13     si      微型白銀  2.02103e+07  ...            746.0  0.4634   128.488  15
15      3     ad      微型澳幣     20210318  ...            220.0  0.1185   127.744  16
16      2     ym      小型道瓊  2.02103e+07  ...            464.0  0.2721    86.556  17
17      8     sf      瑞士法郎     20210318  ...           3820.0  0.0712    38.097  18

[18 rows x 9 columns]
28.463
    index symbol  mod_name         Date  ...  ContractValue_K     Vol      OI_K  id
0      16     ty    T-Bond     20210319  ...           3735.0  0.0447  3919.957   1
1       0     es     微型S&P  2.02103e+07  ...            555.0  0.2476  2556.702   2
2      17     us    T-Note     20210319  ...           4386.0  0.1030  1186.406   3
3       9     zc       小玉米  2.02103e+07  ...            159.0  0.2232   682.472   4
4       6     ec      微型歐元     20210319  ...            424.0  0.0711   630.221   5
5      15     cl       輕原油  2.02103e+07  ...           1749.0  1.0307   434.709   6
6      10     zs       小黃豆  2.02103e+07  ...            403.0  0.1762   319.039   7
7       1     nq  微型NASDAQ  2.02103e+07  ...            731.0  0.2813   219.658   8
8      12     gc      微型黃金  2.02103e+07  ...            496.0  0.2047   200.834   9
9      11     zw        小麥  2.02103e+07  ...            892.0  0.2676   177.541  10
10      5     cd        加幣     20210319  ...           2278.0  0.0774   160.217  11
11      7     jy      微型日圓     20210319  ...            327.0  0.0671   154.060  12
12     14     hg         銅  2.02103e+07  ...           2927.0  0.2348   145.556  13
13      4     bp      微型英鎊     20210319  ...            247.0  0.0957   143.986  14
14      3     ad      微型澳幣     20210319  ...            221.0  0.1124   128.673  15
15     13     si      微型白銀  2.02103e+07  ...            749.0  0.4592   128.425  16
16      2     ym      小型道瓊  2.02103e+07  ...            463.0  0.2663    90.483  17
17      8     sf      瑞士法郎     20210319  ...           3839.0  0.0705    39.588  18

[18 rows x 9 columns]
28.463
    index symbol  mod_name         Date  ...  ContractValue_K     Vol      OI_K  id
0      16     ty    T-Bond     20210319  ...           3735.0  0.0447  3919.957   1
1       0     es     微型S&P  2.02103e+07  ...            555.0  0.2476  2556.702   2
2      17     us    T-Note     20210319  ...           4386.0  0.1030  1186.406   3
3       9     zc       小玉米  2.02103e+07  ...            159.0  0.2232   682.472   4
4       6     ec      微型歐元     20210319  ...            424.0  0.0711   630.221   5
5      15     cl       輕原油  2.02103e+07  ...           1749.0  1.0307   434.709   6
6      10     zs       小黃豆  2.02103e+07  ...            403.0  0.1762   319.039   7
7       1     nq  微型NASDAQ  2.02103e+07  ...            731.0  0.2813   219.658   8
8      12     gc      微型黃金  2.02103e+07  ...            496.0  0.2047   200.834   9
9      11     zw        小麥  2.02103e+07  ...            892.0  0.2676   177.541  10
10      5     cd        加幣     20210319  ...           2278.0  0.0774   160.217  11
11      7     jy      微型日圓     20210319  ...            327.0  0.0671   154.060  12
12     14     hg         銅  2.02103e+07  ...           2927.0  0.2348   145.556  13
13      4     bp      微型英鎊     20210319  ...            247.0  0.0957   143.986  14
14      3     ad      微型澳幣     20210319  ...            221.0  0.1124   128.673  15
15     13     si      微型白銀  2.02103e+07  ...            749.0  0.4592   128.425  16
16      2     ym      小型道瓊  2.02103e+07  ...            463.0  0.2663    90.483  17
17      8     sf      瑞士法郎     20210319  ...           3839.0  0.0705    39.588  18

[18 rows x 9 columns]
28.491999999999997
    index symbol  mod_name         Date  ...  ContractValue_K     Vol      OI_K  id
0      16     ty    T-Bond     20210322  ...           3748.0  0.0428  3979.190   1
1       0     es     微型S&P  2.02103e+07  ...            560.0  0.2476  2531.029   2
2      17     us    T-Note     20210322  ...           4423.0  0.0979  1198.954   3
3       9     zc       小玉米  2.02103e+07  ...            156.0  0.2221   674.236   4
4       6     ec      微型歐元     20210322  ...            426.0  0.0684   626.990   5
5      15     cl       輕原油  2.02103e+07  ...           1754.0  1.0081   414.244   6
6      10     zs       小黃豆  2.02103e+07  ...            404.0  0.1751   318.508   7
7       1     nq  微型NASDAQ  2.02103e+07  ...            745.0  0.2817   222.596   8
8      12     gc      微型黃金  2.02103e+07  ...            495.0  0.2047   189.788   9
9      11     zw        小麥  2.02103e+07  ...            894.0  0.2627   178.326  10
10      5     cd        加幣     20210322  ...           2278.0  0.0773   159.866  11
11      7     jy      微型日圓     20210322  ...            328.0  0.0630   158.128  12
12     14     hg         銅  2.02103e+07  ...           2949.0  0.2344   143.919  13
13      4     bp      微型英鎊     20210322  ...            247.0  0.0956   143.134  14
14     13     si      微型白銀  2.02103e+07  ...            734.0  0.4590   129.357  15
15      3     ad      微型澳幣     20210322  ...            221.0  0.1124   127.730  16
16      2     ym      小型道瓊  2.02103e+07  ...            465.0  0.2663    89.829  17
17      8     sf      瑞士法郎     20210322  ...           3866.0  0.0686    39.436  18

[18 rows x 9 columns]
Traceback (most recent call last):
  File "/home/pfcf/anaconda3/lib/python3.7/site-packages/pymysql/connections.py", line 614, in connect
    (self.host, self.port), self.connect_timeout, **kwargs
  File "/home/pfcf/anaconda3/lib/python3.7/socket.py", line 728, in create_connection
    raise err
  File "/home/pfcf/anaconda3/lib/python3.7/socket.py", line 716, in create_connection
    sock.connect(sa)
ConnectionRefusedError: [Errno 111] Connection refused

During handling of the above exception, another exception occurred:

Traceback (most recent call last):
  File "/home/pfcf/pfcfProject/Overseas3D/UpdateOverseas3D_MySQL.py", line 35, in <module>
    charset='utf8',
  File "/home/pfcf/anaconda3/lib/python3.7/site-packages/pymysql/connections.py", line 353, in __init__
    self.connect()
  File "/home/pfcf/anaconda3/lib/python3.7/site-packages/pymysql/connections.py", line 664, in connect
    raise exc
pymysql.err.OperationalError: (2003, "Can't connect to MySQL server on '103.17.9.213' ([Errno 111] Connection refused)")
